2023-08-27T00:18:44+00:00 CRITICAL Uncaught Error: Call to undefined function PHPMailer\PHPMailer\mail() in /home3/gryjtyhu/public_html/test-domain/wp-includes/PHPMailer/PHPMailer.php:874
Stack trace:
#0 /home3/gryjtyhu/public_html/test-domain/wp-includes/PHPMailer/PHPMailer.php(1961): PHPMailer\PHPMailer\PHPMailer->mailPassthru('aouitikataka@gm...', '=?UTF-8?Q?[Educ...', '<!DOCTYPE html>...', 'Date: Sun, 27 A...', NULL)
#1 /home3/gryjtyhu/public_html/test-domain/wp-includes/PHPMailer/PHPMailer.php(1682): PHPMailer\PHPMailer\PHPMailer->mailSend('Date: Sun, 27 A...', '<!DOCTYPE html>...')
#2 /home3/gryjtyhu/public_html/test-domain/wp-includes/PHPMailer/PHPMailer.php(1518): PHPMailer\PHPMailer\PHPMailer->postSend()
#3 /home3/gryjtyhu/public_html/test-domain/wp-includes/pluggable.php(546): PHPMailer\PHPMailer\PHPMailer->send()
#4 /home3/gryjtyhu/public_html/test-domain/wp-content/plugins/woocommerce/includes/emails/class-wc-email.php(704): wp_mail(Array, '[Educa Plus]\xC2\xA0:...', '<!DOCTYPE html>...', Array, Array)
#5 /home3/gryjtyhu/public_html/test-domain/wp-content/plugins/woocommerce/includes/emails/class-wc-email-new-order.php(111): WC_Email->send('aouitikataka@gm...', '[Educa Plus]\xC2\xA0:...', '<!DOCTYPE html>...', 'Content-Type: t...', Array)
#6 /home3/gryjtyhu/public_html/test-domain/wp-includes/class-wp-hook.php(310): WC_Email_New_Order->trigger(10114, Object(Automattic\WooCommerce\Admin\Overrides\Order))
#7 /home3/gryjtyhu/public_html/test-domain/wp-includes/class-wp-hook.php(334): WP_Hook->apply_filters('', Array)
#8 /home3/gryjtyhu/public_html/test-domain/wp-includes/plugin.php(565): WP_Hook->do_action(Array)
#9 /home3/gryjtyhu/public_html/test-domain/wp-content/plugins/woocommerce/includes/class-wc-emails.php(170): do_action_ref_array('woocommerce_ord...', Array)
#10 /home3/gryjtyhu/public_html/test-domain/wp-includes/class-wp-hook.php(310): WC_Emails::send_transactional_email(Array, Object(Automattic\WooCommerce\Admin\Overrides\Order))
#11 /home3/gryjtyhu/public_html/test-domain/wp-includes/class-wp-hook.php(334): WP_Hook->apply_filters('', Array)
#12 /home3/gryjtyhu/public_html/test-domain/wp-includes/plugin.php(517): WP_Hook->do_action(Array)
#13 /home3/gryjtyhu/public_html/test-domain/wp-content/plugins/woocommerce/includes/class-wc-order.php(404): do_action('woocommerce_ord...', 10114, Object(Automattic\WooCommerce\Admin\Overrides\Order))
#14 /home3/gryjtyhu/public_html/test-domain/wp-content/plugins/woocommerce/includes/class-wc-order.php(253): WC_Order->status_transition()
#15 /home3/gryjtyhu/public_html/test-domain/wp-content/plugins/woocommerce/includes/class-wc-order.php(365): WC_Order->save()
#16 /home3/gryjtyhu/public_html/test-domain/wp-content/plugins/woocommerce/includes/gateways/bacs/class-wc-gateway-bacs.php(385): WC_Order->update_status('on-hold', 'En attente de p...')
#17 /home3/gryjtyhu/public_html/test-domain/wp-content/plugins/woocommerce/includes/class-wc-checkout.php(1050): WC_Gateway_BACS->process_payment(10114)
#18 /home3/gryjtyhu/public_html/test-domain/wp-content/plugins/woocommerce/includes/class-wc-checkout.php(1279): WC_Checkout->process_order_payment(10114, 'bacs')
#19 /home3/gryjtyhu/public_html/test-domain/wp-content/plugins/woocommerce/includes/class-wc-ajax.php(508): WC_Checkout->process_checkout()
#20 /home3/gryjtyhu/public_html/test-domain/wp-includes/class-wp-hook.php(310): WC_AJAX::checkout('')
#21 /home3/gryjtyhu/public_html/test-domain/wp-includes/class-wp-hook.php(334): WP_Hook->apply_filters('', Array)
#22 /home3/gryjtyhu/public_html/test-domain/wp-includes/plugin.php(517): WP_Hook->do_action(Array)
#23 /home3/gryjtyhu/public_html/test-domain/wp-content/plugins/woocommerce/includes/class-wc-ajax.php(96): do_action('wc_ajax_checkou...')
#24 /home3/gryjtyhu/public_html/test-domain/wp-includes/class-wp-hook.php(310): WC_AJAX::do_wc_ajax('')
#25 /home3/gryjtyhu/public_html/test-domain/wp-includes/class-wp-hook.php(334): WP_Hook->apply_filters(false, Array)
#26 /home3/gryjtyhu/public_html/test-domain/wp-includes/plugin.php(517): WP_Hook->do_action(Array)
#27 /home3/gryjtyhu/public_html/test-domain/wp-includes/template-loader.php(13): do_action('template_redire...')
#28 /home3/gryjtyhu/public_html/test-domain/wp-blog-header.php(19): require_once('/home3/gryjtyhu...')
#29 /home3/gryjtyhu/public_html/test-domain/index.php(17): require('/home3/gryjtyhu...')
#30 {main}
  thrown dans /home3/gryjtyhu/public_html/test-domain/wp-includes/PHPMailer/PHPMailer.php à la ligne 874

2023-08-27T00:18:55+00:00 CRITICAL Uncaught Error: Call to undefined function PHPMailer\PHPMailer\mail() in /home3/gryjtyhu/public_html/test-domain/wp-includes/PHPMailer/PHPMailer.php:874
Stack trace:
#0 /home3/gryjtyhu/public_html/test-domain/wp-includes/PHPMailer/PHPMailer.php(1961): PHPMailer\PHPMailer\PHPMailer->mailPassthru('aouitikataka@gm...', '=?UTF-8?Q?[Educ...', '<!DOCTYPE html>...', 'Date: Sun, 27 A...', NULL)
#1 /home3/gryjtyhu/public_html/test-domain/wp-includes/PHPMailer/PHPMailer.php(1682): PHPMailer\PHPMailer\PHPMailer->mailSend('Date: Sun, 27 A...', '<!DOCTYPE html>...')
#2 /home3/gryjtyhu/public_html/test-domain/wp-includes/PHPMailer/PHPMailer.php(1518): PHPMailer\PHPMailer\PHPMailer->postSend()
#3 /home3/gryjtyhu/public_html/test-domain/wp-includes/pluggable.php(546): PHPMailer\PHPMailer\PHPMailer->send()
#4 /home3/gryjtyhu/public_html/test-domain/wp-content/plugins/woocommerce/includes/emails/class-wc-email.php(704): wp_mail(Array, '[Educa Plus]\xC2\xA0:...', '<!DOCTYPE html>...', Array, Array)
#5 /home3/gryjtyhu/public_html/test-domain/wp-content/plugins/woocommerce/includes/emails/class-wc-email-new-order.php(111): WC_Email->send('aouitikataka@gm...', '[Educa Plus]\xC2\xA0:...', '<!DOCTYPE html>...', 'Content-Type: t...', Array)
#6 /home3/gryjtyhu/public_html/test-domain/wp-includes/class-wp-hook.php(310): WC_Email_New_Order->trigger(10116, Object(Automattic\WooCommerce\Admin\Overrides\Order))
#7 /home3/gryjtyhu/public_html/test-domain/wp-includes/class-wp-hook.php(334): WP_Hook->apply_filters('', Array)
#8 /home3/gryjtyhu/public_html/test-domain/wp-includes/plugin.php(565): WP_Hook->do_action(Array)
#9 /home3/gryjtyhu/public_html/test-domain/wp-content/plugins/woocommerce/includes/class-wc-emails.php(170): do_action_ref_array('woocommerce_ord...', Array)
#10 /home3/gryjtyhu/public_html/test-domain/wp-includes/class-wp-hook.php(310): WC_Emails::send_transactional_email(Array, Object(Automattic\WooCommerce\Admin\Overrides\Order))
#11 /home3/gryjtyhu/public_html/test-domain/wp-includes/class-wp-hook.php(334): WP_Hook->apply_filters('', Array)
#12 /home3/gryjtyhu/public_html/test-domain/wp-includes/plugin.php(517): WP_Hook->do_action(Array)
#13 /home3/gryjtyhu/public_html/test-domain/wp-content/plugins/woocommerce/includes/class-wc-order.php(404): do_action('woocommerce_ord...', 10116, Object(Automattic\WooCommerce\Admin\Overrides\Order))
#14 /home3/gryjtyhu/public_html/test-domain/wp-content/plugins/woocommerce/includes/class-wc-order.php(253): WC_Order->status_transition()
#15 /home3/gryjtyhu/public_html/test-domain/wp-content/plugins/woocommerce/includes/class-wc-order.php(365): WC_Order->save()
#16 /home3/gryjtyhu/public_html/test-domain/wp-content/plugins/woocommerce/includes/gateways/bacs/class-wc-gateway-bacs.php(385): WC_Order->update_status('on-hold', 'En attente de p...')
#17 /home3/gryjtyhu/public_html/test-domain/wp-content/plugins/woocommerce/includes/class-wc-checkout.php(1050): WC_Gateway_BACS->process_payment(10116)
#18 /home3/gryjtyhu/public_html/test-domain/wp-content/plugins/woocommerce/includes/class-wc-checkout.php(1279): WC_Checkout->process_order_payment(10116, 'bacs')
#19 /home3/gryjtyhu/public_html/test-domain/wp-content/plugins/woocommerce/includes/class-wc-ajax.php(508): WC_Checkout->process_checkout()
#20 /home3/gryjtyhu/public_html/test-domain/wp-includes/class-wp-hook.php(310): WC_AJAX::checkout('')
#21 /home3/gryjtyhu/public_html/test-domain/wp-includes/class-wp-hook.php(334): WP_Hook->apply_filters('', Array)
#22 /home3/gryjtyhu/public_html/test-domain/wp-includes/plugin.php(517): WP_Hook->do_action(Array)
#23 /home3/gryjtyhu/public_html/test-domain/wp-content/plugins/woocommerce/includes/class-wc-ajax.php(96): do_action('wc_ajax_checkou...')
#24 /home3/gryjtyhu/public_html/test-domain/wp-includes/class-wp-hook.php(310): WC_AJAX::do_wc_ajax('')
#25 /home3/gryjtyhu/public_html/test-domain/wp-includes/class-wp-hook.php(334): WP_Hook->apply_filters(false, Array)
#26 /home3/gryjtyhu/public_html/test-domain/wp-includes/plugin.php(517): WP_Hook->do_action(Array)
#27 /home3/gryjtyhu/public_html/test-domain/wp-includes/template-loader.php(13): do_action('template_redire...')
#28 /home3/gryjtyhu/public_html/test-domain/wp-blog-header.php(19): require_once('/home3/gryjtyhu...')
#29 /home3/gryjtyhu/public_html/test-domain/index.php(17): require('/home3/gryjtyhu...')
#30 {main}
  thrown dans /home3/gryjtyhu/public_html/test-domain/wp-includes/PHPMailer/PHPMailer.php à la ligne 874

2023-08-27T00:19:03+00:00 CRITICAL Uncaught Error: Call to undefined function PHPMailer\PHPMailer\mail() in /home3/gryjtyhu/public_html/test-domain/wp-includes/PHPMailer/PHPMailer.php:874
Stack trace:
#0 /home3/gryjtyhu/public_html/test-domain/wp-includes/PHPMailer/PHPMailer.php(1961): PHPMailer\PHPMailer\PHPMailer->mailPassthru('aouitikataka@gm...', '=?UTF-8?Q?[Educ...', '<!DOCTYPE html>...', 'Date: Sun, 27 A...', NULL)
#1 /home3/gryjtyhu/public_html/test-domain/wp-includes/PHPMailer/PHPMailer.php(1682): PHPMailer\PHPMailer\PHPMailer->mailSend('Date: Sun, 27 A...', '<!DOCTYPE html>...')
#2 /home3/gryjtyhu/public_html/test-domain/wp-includes/PHPMailer/PHPMailer.php(1518): PHPMailer\PHPMailer\PHPMailer->postSend()
#3 /home3/gryjtyhu/public_html/test-domain/wp-includes/pluggable.php(546): PHPMailer\PHPMailer\PHPMailer->send()
#4 /home3/gryjtyhu/public_html/test-domain/wp-content/plugins/woocommerce/includes/emails/class-wc-email.php(704): wp_mail(Array, '[Educa Plus]\xC2\xA0:...', '<!DOCTYPE html>...', Array, Array)
#5 /home3/gryjtyhu/public_html/test-domain/wp-content/plugins/woocommerce/includes/emails/class-wc-email-new-order.php(111): WC_Email->send('aouitikataka@gm...', '[Educa Plus]\xC2\xA0:...', '<!DOCTYPE html>...', 'Content-Type: t...', Array)
#6 /home3/gryjtyhu/public_html/test-domain/wp-includes/class-wp-hook.php(310): WC_Email_New_Order->trigger(10118, Object(Automattic\WooCommerce\Admin\Overrides\Order))
#7 /home3/gryjtyhu/public_html/test-domain/wp-includes/class-wp-hook.php(334): WP_Hook->apply_filters('', Array)
#8 /home3/gryjtyhu/public_html/test-domain/wp-includes/plugin.php(565): WP_Hook->do_action(Array)
#9 /home3/gryjtyhu/public_html/test-domain/wp-content/plugins/woocommerce/includes/class-wc-emails.php(170): do_action_ref_array('woocommerce_ord...', Array)
#10 /home3/gryjtyhu/public_html/test-domain/wp-includes/class-wp-hook.php(310): WC_Emails::send_transactional_email(Array, Object(Automattic\WooCommerce\Admin\Overrides\Order))
#11 /home3/gryjtyhu/public_html/test-domain/wp-includes/class-wp-hook.php(334): WP_Hook->apply_filters('', Array)
#12 /home3/gryjtyhu/public_html/test-domain/wp-includes/plugin.php(517): WP_Hook->do_action(Array)
#13 /home3/gryjtyhu/public_html/test-domain/wp-content/plugins/woocommerce/includes/class-wc-order.php(404): do_action('woocommerce_ord...', 10118, Object(Automattic\WooCommerce\Admin\Overrides\Order))
#14 /home3/gryjtyhu/public_html/test-domain/wp-content/plugins/woocommerce/includes/class-wc-order.php(253): WC_Order->status_transition()
#15 /home3/gryjtyhu/public_html/test-domain/wp-content/plugins/woocommerce/includes/class-wc-order.php(365): WC_Order->save()
#16 /home3/gryjtyhu/public_html/test-domain/wp-content/plugins/woocommerce/includes/gateways/cod/class-wc-gateway-cod.php(348): WC_Order->update_status('processing', 'Paiement \xC3\xA0 eff...')
#17 /home3/gryjtyhu/public_html/test-domain/wp-content/plugins/woocommerce/includes/class-wc-checkout.php(1050): WC_Gateway_COD->process_payment(10118)
#18 /home3/gryjtyhu/public_html/test-domain/wp-content/plugins/woocommerce/includes/class-wc-checkout.php(1279): WC_Checkout->process_order_payment(10118, 'cod')
#19 /home3/gryjtyhu/public_html/test-domain/wp-content/plugins/woocommerce/includes/class-wc-ajax.php(508): WC_Checkout->process_checkout()
#20 /home3/gryjtyhu/public_html/test-domain/wp-includes/class-wp-hook.php(310): WC_AJAX::checkout('')
#21 /home3/gryjtyhu/public_html/test-domain/wp-includes/class-wp-hook.php(334): WP_Hook->apply_filters('', Array)
#22 /home3/gryjtyhu/public_html/test-domain/wp-includes/plugin.php(517): WP_Hook->do_action(Array)
#23 /home3/gryjtyhu/public_html/test-domain/wp-content/plugins/woocommerce/includes/class-wc-ajax.php(96): do_action('wc_ajax_checkou...')
#24 /home3/gryjtyhu/public_html/test-domain/wp-includes/class-wp-hook.php(310): WC_AJAX::do_wc_ajax('')
#25 /home3/gryjtyhu/public_html/test-domain/wp-includes/class-wp-hook.php(334): WP_Hook->apply_filters(false, Array)
#26 /home3/gryjtyhu/public_html/test-domain/wp-includes/plugin.php(517): WP_Hook->do_action(Array)
#27 /home3/gryjtyhu/public_html/test-domain/wp-includes/template-loader.php(13): do_action('template_redire...')
#28 /home3/gryjtyhu/public_html/test-domain/wp-blog-header.php(19): require_once('/home3/gryjtyhu...')
#29 /home3/gryjtyhu/public_html/test-domain/index.php(17): require('/home3/gryjtyhu...')
#30 {main}
  thrown dans /home3/gryjtyhu/public_html/test-domain/wp-includes/PHPMailer/PHPMailer.php à la ligne 874

2023-08-27T00:19:20+00:00 CRITICAL Uncaught Error: Call to undefined function PHPMailer\PHPMailer\mail() in /home3/gryjtyhu/public_html/test-domain/wp-includes/PHPMailer/PHPMailer.php:874
Stack trace:
#0 /home3/gryjtyhu/public_html/test-domain/wp-includes/PHPMailer/PHPMailer.php(1961): PHPMailer\PHPMailer\PHPMailer->mailPassthru('aouitikataka@gm...', '=?UTF-8?Q?[Educ...', '<!DOCTYPE html>...', 'Date: Sun, 27 A...', NULL)
#1 /home3/gryjtyhu/public_html/test-domain/wp-includes/PHPMailer/PHPMailer.php(1682): PHPMailer\PHPMailer\PHPMailer->mailSend('Date: Sun, 27 A...', '<!DOCTYPE html>...')
#2 /home3/gryjtyhu/public_html/test-domain/wp-includes/PHPMailer/PHPMailer.php(1518): PHPMailer\PHPMailer\PHPMailer->postSend()
#3 /home3/gryjtyhu/public_html/test-domain/wp-includes/pluggable.php(546): PHPMailer\PHPMailer\PHPMailer->send()
#4 /home3/gryjtyhu/public_html/test-domain/wp-content/plugins/woocommerce/includes/emails/class-wc-email.php(704): wp_mail(Array, '[Educa Plus]\xC2\xA0:...', '<!DOCTYPE html>...', Array, Array)
#5 /home3/gryjtyhu/public_html/test-domain/wp-content/plugins/woocommerce/includes/emails/class-wc-email-new-order.php(111): WC_Email->send('aouitikataka@gm...', '[Educa Plus]\xC2\xA0:...', '<!DOCTYPE html>...', 'Content-Type: t...', Array)
#6 /home3/gryjtyhu/public_html/test-domain/wp-includes/class-wp-hook.php(310): WC_Email_New_Order->trigger(10120, Object(Automattic\WooCommerce\Admin\Overrides\Order))
#7 /home3/gryjtyhu/public_html/test-domain/wp-includes/class-wp-hook.php(334): WP_Hook->apply_filters('', Array)
#8 /home3/gryjtyhu/public_html/test-domain/wp-includes/plugin.php(565): WP_Hook->do_action(Array)
#9 /home3/gryjtyhu/public_html/test-domain/wp-content/plugins/woocommerce/includes/class-wc-emails.php(170): do_action_ref_array('woocommerce_ord...', Array)
#10 /home3/gryjtyhu/public_html/test-domain/wp-includes/class-wp-hook.php(310): WC_Emails::send_transactional_email(Array, Object(Automattic\WooCommerce\Admin\Overrides\Order))
#11 /home3/gryjtyhu/public_html/test-domain/wp-includes/class-wp-hook.php(334): WP_Hook->apply_filters('', Array)
#12 /home3/gryjtyhu/public_html/test-domain/wp-includes/plugin.php(517): WP_Hook->do_action(Array)
#13 /home3/gryjtyhu/public_html/test-domain/wp-content/plugins/woocommerce/includes/class-wc-order.php(404): do_action('woocommerce_ord...', 10120, Object(Automattic\WooCommerce\Admin\Overrides\Order))
#14 /home3/gryjtyhu/public_html/test-domain/wp-content/plugins/woocommerce/includes/class-wc-order.php(253): WC_Order->status_transition()
#15 /home3/gryjtyhu/public_html/test-domain/wp-content/plugins/woocommerce/includes/class-wc-order.php(365): WC_Order->save()
#16 /home3/gryjtyhu/public_html/test-domain/wp-content/plugins/woocommerce/includes/gateways/cheque/class-wc-gateway-cheque.php(136): WC_Order->update_status('on-hold', 'En attente de r...')
#17 /home3/gryjtyhu/public_html/test-domain/wp-content/plugins/woocommerce/includes/class-wc-checkout.php(1050): WC_Gateway_Cheque->process_payment(10120)
#18 /home3/gryjtyhu/public_html/test-domain/wp-content/plugins/woocommerce/includes/class-wc-checkout.php(1279): WC_Checkout->process_order_payment(10120, 'cheque')
#19 /home3/gryjtyhu/public_html/test-domain/wp-content/plugins/woocommerce/includes/class-wc-ajax.php(508): WC_Checkout->process_checkout()
#20 /home3/gryjtyhu/public_html/test-domain/wp-includes/class-wp-hook.php(310): WC_AJAX::checkout('')
#21 /home3/gryjtyhu/public_html/test-domain/wp-includes/class-wp-hook.php(334): WP_Hook->apply_filters('', Array)
#22 /home3/gryjtyhu/public_html/test-domain/wp-includes/plugin.php(517): WP_Hook->do_action(Array)
#23 /home3/gryjtyhu/public_html/test-domain/wp-content/plugins/woocommerce/includes/class-wc-ajax.php(96): do_action('wc_ajax_checkou...')
#24 /home3/gryjtyhu/public_html/test-domain/wp-includes/class-wp-hook.php(310): WC_AJAX::do_wc_ajax('')
#25 /home3/gryjtyhu/public_html/test-domain/wp-includes/class-wp-hook.php(334): WP_Hook->apply_filters(false, Array)
#26 /home3/gryjtyhu/public_html/test-domain/wp-includes/plugin.php(517): WP_Hook->do_action(Array)
#27 /home3/gryjtyhu/public_html/test-domain/wp-includes/template-loader.php(13): do_action('template_redire...')
#28 /home3/gryjtyhu/public_html/test-domain/wp-blog-header.php(19): require_once('/home3/gryjtyhu...')
#29 /home3/gryjtyhu/public_html/test-domain/index.php(17): require('/home3/gryjtyhu...')
#30 {main}
  thrown dans /home3/gryjtyhu/public_html/test-domain/wp-includes/PHPMailer/PHPMailer.php à la ligne 874

2023-08-27T01:24:05+00:00 CRITICAL Uncaught TypeError: Cannot access offset of type string on string in /home3/gryjtyhu/public_html/test-domain/wp-content/themes/edubin/tutor/tpl-part/media.php:13
Stack trace:
#0 /home3/gryjtyhu/public_html/test-domain/wp-includes/template.php(787): require()
#1 /home3/gryjtyhu/public_html/test-domain/wp-includes/template.php(720): load_template('/home3/gryjtyhu...', false, Array)
#2 /home3/gryjtyhu/public_html/test-domain/wp-includes/general-template.php(206): locate_template(Array, true, false, Array)
#3 /home3/gryjtyhu/public_html/test-domain/wp-content/themes/edubin/tutor/tpl-part/layout-1.php(30): get_template_part('tutor/tpl-part/...')
#4 /home3/gryjtyhu/public_html/test-domain/wp-includes/template.php(787): require('/home3/gryjtyhu...')
#5 /home3/gryjtyhu/public_html/test-domain/wp-includes/template.php(720): load_template('/home3/gryjtyhu...', false, Array)
#6 /home3/gryjtyhu/public_html/test-domain/wp-includes/general-template.php(206): locate_template(Array, true, false, Array)
#7 /home3/gryjtyhu/public_html/test-domain/wp-content/themes/edubin/tutor/archive-course-init.php(58): get_template_part('tutor/tpl-part/...', '1')
#8 /home3/gryjtyhu/public_html/test-domain/wp-content/plugins/tutor/includes/tutor-template-functions.php(128): include('/home3/gryjtyhu...')
#9 /home3/gryjtyhu/public_html/test-domain/wp-content/plugins/tutor/templates/archive-course.php(28): tutor_load_template('archive-course-...', Array)
#10 /home3/gryjtyhu/public_html/test-domain/wp-includes/template-loader.php(106): include('/home3/gryjtyhu...')
#11 /home3/gryjtyhu/public_html/test-domain/wp-blog-header.php(19): require_once('/home3/gryjtyhu...')
#12 /home3/gryjtyhu/public_html/test-domain/index.php(17): require('/home3/gryjtyhu...')
#13 {main}
  thrown dans /home3/gryjtyhu/public_html/test-domain/wp-content/themes/edubin/tutor/tpl-part/media.php à la ligne 13

2023-08-27T01:25:25+00:00 CRITICAL Uncaught TypeError: Cannot access offset of type string on string in /home3/gryjtyhu/public_html/test-domain/wp-content/themes/edubin/tutor/tpl-part/media.php:13
Stack trace:
#0 /home3/gryjtyhu/public_html/test-domain/wp-includes/template.php(787): require()
#1 /home3/gryjtyhu/public_html/test-domain/wp-includes/template.php(720): load_template('/home3/gryjtyhu...', false, Array)
#2 /home3/gryjtyhu/public_html/test-domain/wp-includes/general-template.php(206): locate_template(Array, true, false, Array)
#3 /home3/gryjtyhu/public_html/test-domain/wp-content/themes/edubin/tutor/tpl-part/layout-1.php(30): get_template_part('tutor/tpl-part/...')
#4 /home3/gryjtyhu/public_html/test-domain/wp-includes/template.php(787): require('/home3/gryjtyhu...')
#5 /home3/gryjtyhu/public_html/test-domain/wp-includes/template.php(720): load_template('/home3/gryjtyhu...', false, Array)
#6 /home3/gryjtyhu/public_html/test-domain/wp-includes/general-template.php(206): locate_template(Array, true, false, Array)
#7 /home3/gryjtyhu/public_html/test-domain/wp-content/themes/edubin/tutor/archive-course-init.php(58): get_template_part('tutor/tpl-part/...', '1')
#8 /home3/gryjtyhu/public_html/test-domain/wp-content/plugins/tutor/includes/tutor-template-functions.php(128): include('/home3/gryjtyhu...')
#9 /home3/gryjtyhu/public_html/test-domain/wp-content/plugins/tutor/templates/archive-course.php(28): tutor_load_template('archive-course-...', Array)
#10 /home3/gryjtyhu/public_html/test-domain/wp-includes/template-loader.php(106): include('/home3/gryjtyhu...')
#11 /home3/gryjtyhu/public_html/test-domain/wp-blog-header.php(19): require_once('/home3/gryjtyhu...')
#12 /home3/gryjtyhu/public_html/test-domain/index.php(17): require('/home3/gryjtyhu...')
#13 {main}
  thrown dans /home3/gryjtyhu/public_html/test-domain/wp-content/themes/edubin/tutor/tpl-part/media.php à la ligne 13

